Start testing: Apr 21 12:01 Tokyo Standard Time
----------------------------------------------------------
Unable to find executable: C:/Users/peterlarson/unityBridgeWorkspace/unity-bridge-cve-client/FlatBuffers/flatc-projects/Debug/flattests.exe
1/1 Testing: flattests
1/1 Test: flattests
Command: ""
Directory: C:/Users/peterlarson/unityBridgeWorkspace/unity-bridge-cve-client/FlatBuffers/flatc-projects
"flattests" start time: 
Output:
----------------------------------------------------------
<end of output>
Test time =   0.00 sec
----------------------------------------------------------
Test Passed.
"flattests" end time: Apr 21 12:01 Tokyo Standard Time
"flattests" time elapsed: 00:00:00
----------------------------------------------------------

End testing: Apr 21 12:01 Tokyo Standard Time
